obj Spot

Type of Spot is LAMP
obj Plane.001

Type of Plane.001 is MESH
exporting object Plane.001
mesh_object is Plane
mesh Plane.001 with material Material.004
vertexes 4
faces 1
WARNING update material animation not yet supported
-----------------------------------------
vertex groups False False 
obj Camera.001

Type of Camera.001 is CAMERA
obj Plane

Type of Plane is MESH
curve.data_path modifiers["Ocean"].time 0 modifiers["Ocean"].time
exporting object Plane
mesh_object is Plane.001
mesh Plane with material Material.001
vertexes 4
faces 1
WARNING update material animation not yet supported
-------------------------------------
vertex groups False False 
obj Cube

Type of Cube is MESH
exporting object Cube
mesh_object is Cube
mesh Cube with material Material
vertexes 24
faces 6
WARNING update material animation not yet supported
WARNING the texture <bpy_struct, MaterialTextureSlot("Tex")> has no Image, skip it
--------------------------------
vertex groups False False 
obj Lamp

Type of Lamp is LAMP
obj Camera

Type of Camera is CAMERA
geode GeodePlane
geode GeodePlane.001
geode GeodeCube
write file to /home/loopbio/Documents/locustVR/stimulus/ocean.osgt
Check log file /home/loopbio/Documents/locustVR/stimulus/ocean.log
