obj Cylinder3

Type of Cylinder3 is MESH
exporting object Cylinder3
mesh_object is Cylinder.015
mesh Cylinder3 with material Material.016
vertexes reduced from 308 to 192
faces 92
WARNING update material animation not yet supported
-----------------------------------------
vertex groups False False 
obj Cylinder2

Type of Cylinder2 is MESH
exporting object Cylinder2
mesh_object is Cylinder.014
mesh Cylinder2 with material Material.015
vertexes reduced from 308 to 192
faces 92
WARNING update material animation not yet supported
-----------------------------------------
vertex groups False False 
obj Cylinder1

Type of Cylinder1 is MESH
exporting object Cylinder1
mesh_object is Cylinder.013
mesh Cylinder1 with material Material.014
vertexes reduced from 308 to 192
faces 92
WARNING update material animation not yet supported
-----------------------------------------
vertex groups False False 
obj Cylinder0

Type of Cylinder0 is MESH
exporting object Cylinder0
mesh_object is Cylinder.012
mesh Cylinder0 with material Material.013
vertexes reduced from 308 to 192
faces 92
WARNING update material animation not yet supported
-----------------------------------------
vertex groups False False 
obj Cylinder0.0
obj Cylinder4

Type of Cylinder4 is MESH
exporting object Cylinder4
mesh_object is Cylinder.001
mesh Cylinder4 with material Material.002
vertexes reduced from 308 to 192
faces 92
WARNING update material animation not yet supported
-----------------------------------------
vertex groups False False 
obj Cylinder5

Type of Cylinder5 is MESH
exporting object Cylinder5
mesh_object is Cylinder.005
mesh Cylinder5 with material Material.006
vertexes reduced from 308 to 192
faces 92
WARNING update material animation not yet supported
-----------------------------------------
vertex groups False False 
obj Cylinder6

Type of Cylinder6 is MESH
exporting object Cylinder6
mesh_object is Cylinder.006
mesh Cylinder6 with material Material.007
vertexes reduced from 308 to 192
faces 92
WARNING update material animation not yet supported
-----------------------------------------
vertex groups False False 
obj Cylinder7

Type of Cylinder7 is MESH
exporting object Cylinder7
mesh_object is Cylinder.007
mesh Cylinder7 with material Material.008
vertexes reduced from 308 to 192
faces 92
WARNING update material animation not yet supported
-----------------------------------------
vertex groups False False 
obj Cylinder8

Type of Cylinder8 is MESH
exporting object Cylinder8
mesh_object is Cylinder.008
mesh Cylinder8 with material Material.009
vertexes reduced from 308 to 192
faces 92
WARNING update material animation not yet supported
-----------------------------------------
vertex groups False False 
obj Cylinder9

Type of Cylinder9 is MESH
exporting object Cylinder9
mesh_object is Cylinder.009
mesh Cylinder9 with material Material.010
vertexes reduced from 308 to 192
faces 92
WARNING update material animation not yet supported
-----------------------------------------
vertex groups False False 
obj Cube

Type of Cube is MESH
exporting object Cube
mesh_object is Cube
mesh Cube with material Material
vertexes 24
faces 6
WARNING update material animation not yet supported
--------------------------------
vertex groups False False 
geode GeodeCylinder.015
geode GeodeCylinder.014
geode GeodeCylinder.013
geode GeodeCylinder.012
geode GeodeCylinder.001
geode GeodeCylinder.005
geode GeodeCylinder.006
geode GeodeCylinder.007
geode GeodeCylinder.008
geode GeodeCylinder.009
geode GeodeCube
write file to /home/loopbio/Documents/locustVR/stimulus/ten_post_stimulus_diffsize5.osgt
error while trying to copy file black.png to /home/loopbio/Documents/locustVR/stimulus/textures: '/home/loopbio/Documents/locustVR/stimulus/textures/black.png' and '/home/loopbio/Documents/locustVR/stimulus/textures/black.png' are the same file
error while trying to copy file black.png to /home/loopbio/Documents/locustVR/stimulus/textures: '/home/loopbio/Documents/locustVR/stimulus/textures/black.png' and '/home/loopbio/Documents/locustVR/stimulus/textures/black.png' are the same file
error while trying to copy file black.png to /home/loopbio/Documents/locustVR/stimulus/textures: '/home/loopbio/Documents/locustVR/stimulus/textures/black.png' and '/home/loopbio/Documents/locustVR/stimulus/textures/black.png' are the same file
error while trying to copy file white.png to /home/loopbio/Documents/locustVR/stimulus/textures: '/home/loopbio/Documents/locustVR/stimulus/textures/white.png' and '/home/loopbio/Documents/locustVR/stimulus/textures/white.png' are the same file
error while trying to copy file black.png to /home/loopbio/Documents/locustVR/stimulus/textures: '/home/loopbio/Documents/locustVR/stimulus/textures/black.png' and '/home/loopbio/Documents/locustVR/stimulus/textures/black.png' are the same file
error while trying to copy file black.png to /home/loopbio/Documents/locustVR/stimulus/textures: '/home/loopbio/Documents/locustVR/stimulus/textures/black.png' and '/home/loopbio/Documents/locustVR/stimulus/textures/black.png' are the same file
error while trying to copy file black.png to /home/loopbio/Documents/locustVR/stimulus/textures: '/home/loopbio/Documents/locustVR/stimulus/textures/black.png' and '/home/loopbio/Documents/locustVR/stimulus/textures/black.png' are the same file
error while trying to copy file black.png to /home/loopbio/Documents/locustVR/stimulus/textures: '/home/loopbio/Documents/locustVR/stimulus/textures/black.png' and '/home/loopbio/Documents/locustVR/stimulus/textures/black.png' are the same file
Check log file /home/loopbio/Documents/locustVR/stimulus/ten_post_stimulus_diffsize5.log
